#
# There is insufficient memory for the Java Runtime Environment to continue.
# Native memory allocation (mmap) failed to map 264241152 bytes for G1 virtual space
# Possible reasons:
#   The system is out of physical RAM or swap space
#   The process is running with CompressedOops enabled, and the Java Heap may be blocking the growth of the native heap
# Possible solutions:
#   Reduce memory load on the system
#   Increase physical memory or swap space
#   Check if swap backing store is full
#   Decrease Java heap size (-Xmx/-Xms)
#   Decrease number of Java threads
#   Decrease Java thread stack sizes (-Xss)
#   Set larger code cache with -XX:ReservedCodeCacheSize=
#   JVM is running with Zero Based Compressed Oops mode in which the Java heap is
#     placed in the first 32GB address space. The Java Heap base address is the
#     maximum limit for the native heap growth. Please use -XX:HeapBaseMinAddress
#     to set the Java Heap base and to place the Java Heap above 32GB virtual address.
# This output file may be truncated or incomplete.
#
#  Out of Memory Error (os_windows.cpp:3613), pid=4700, tid=18576
#
# JRE version:  (17.0.9+8) (build )
# Java VM: OpenJDK 64-Bit Server VM (17.0.9+8-LTS, mixed mode, sharing, tiered, compressed oops, compressed class ptrs, g1 gc, windows-amd64)
# No core dump will be written. Minidumps are not enabled by default on client versions of Windows
#

---------------  S U M M A R Y ------------

Command Line: -Dmaven.multiModuleProjectDirectory=C:\Users\Safarboy\Desktop\lilcoin-api -Djansi.passthrough=true -Dmaven.home=C:\Users\Safarboy\.m2\wrapper\dists\apache-maven-3.8.6-bin\1ks0nkde5v1pk9vtc31i9d0lcd\apache-maven-3.8.6 -Dclassworlds.conf=C:\Users\Safarboy\.m2\wrapper\dists\apache-maven-3.8.6-bin\1ks0nkde5v1pk9vtc31i9d0lcd\apache-maven-3.8.6\bin\m2.conf -Dmaven.ext.class.path=C:\Program Files\JetBrains\IntelliJ IDEA 2023.2.3\plugins\maven\lib\maven-event-listener.jar -javaagent:C:\Program Files\JetBrains\IntelliJ IDEA 2023.2.3\lib\idea_rt.jar=53447:C:\Program Files\JetBrains\IntelliJ IDEA 2023.2.3\bin -Dfile.encoding=UTF-8 org.codehaus.classworlds.Launcher -Didea.version=2023.2.3 install

Host: 12th Gen Intel(R) Core(TM) i7-12700H, 20 cores, 15G,  Windows 11 , 64 bit Build 26100 (10.0.26100.3037)
Time: Tue Feb 11 21:52:20 2025 West Asia Standard Time elapsed time: 1.207436 seconds (0d 0h 0m 1s)

---------------  T H R E A D  ---------------

Current thread (0x000001aad8612b90):  JavaThread "Unknown thread" [_thread_in_vm, id=18576, stack(0x000000871ae00000,0x000000871af00000)]

Stack: [0x000000871ae00000,0x000000871af00000]
Native frames: (J=compiled Java code, j=interpreted, Vv=VM code, C=native code)
V  [jvm.dll+0x67cb49]
V  [jvm.dll+0x8344da]
V  [jvm.dll+0x835f9e]
V  [jvm.dll+0x836603]
V  [jvm.dll+0x247b5f]
V  [jvm.dll+0x679969]
V  [jvm.dll+0x66e2ba]
V  [jvm.dll+0x307a5b]
V  [jvm.dll+0x30ef06]
V  [jvm.dll+0x35ecee]
V  [jvm.dll+0x35ef1f]
V  [jvm.dll+0x2de658]
V  [jvm.dll+0x2df5c4]
V  [jvm.dll+0x805d51]
V  [jvm.dll+0x36cb51]
V  [jvm.dll+0x7e47dc]
V  [jvm.dll+0x3f03cf]
V  [jvm.dll+0x3f2001]
C  [jli.dll+0x528f]
C  [ucrtbase.dll+0x37b0]
C  [KERNEL32.DLL+0x2e8d7]
C  [ntdll.dll+0xbbf2c]


---------------  P R O C E S S  ---------------

Threads class SMR info:
_java_thread_list=0x00007ffc24e9ee98, length=0, elements={
}

Java Threads: ( => current thread )

Other Threads:
  0x000001aad8683230 GCTaskThread "GC Thread#0" [stack: 0x000000871af00000,0x000000871b000000] [id=13588]
  0x000001aad8693be0 ConcurrentGCThread "G1 Main Marker" [stack: 0x000000871b000000,0x000000871b100000] [id=9968]
  0x000001aad8694510 ConcurrentGCThread "G1 Conc#0" [stack: 0x000000871b100000,0x000000871b200000] [id=16240]

[error occurred during error reporting (printing all threads), id 0xc0000005, EXCEPTION_ACCESS_VIOLATION (0xc0000005) at pc=0x00007ffc2465f097]

VM state: not at safepoint (not fully initialized)

VM Mutex/Monitor currently owned by a thread:  ([mutex/lock_event])
[0x000001aad8610ba0] Heap_lock - owner thread: 0x000001aad8612b90

Heap address: 0x0000000704a00000, size: 4022 MB, Compressed Oops mode: Zero based, Oop shift amount: 3

CDS archive(s) mapped at: [0x0000000000000000-0x0000000000000000-0x0000000000000000), size 0, SharedBaseAddress: 0x0000000800000000, ArchiveRelocationMode: 1.
Narrow klass base: 0x0000000000000000, Narrow klass shift: 0, Narrow klass range: 0x0

GC Precious Log:
<Empty>

Heap:
 garbage-first heap   total 0K, used 0K [0x0000000704a00000, 0x0000000800000000)
  region size 2048K, 0 young (0K), 0 survivors (0K)

[error occurred during error reporting (printing heap information), id 0xc0000005, EXCEPTION_ACCESS_VIOLATION (0xc0000005) at pc=0x00007ffc24a468f9]

GC Heap History (0 events):
No events

Dll operation events (1 events):
Event: 0.023 Loaded shared library C:\Users\Safarboy\.jdks\corretto-17.0.9\bin\java.dll

Deoptimization events (0 events):
No events

Classes unloaded (0 events):
No events

Classes redefined (0 events):
No events

Internal exceptions (0 events):
No events

VM Operations (0 events):
No events

Events (0 events):
No events


Dynamic libraries:
0x00007ff6dc970000 - 0x00007ff6dc97e000 	C:\Users\Safarboy\.jdks\corretto-17.0.9\bin\java.exe
0x00007ffc95e80000 - 0x00007ffc960e3000 	C:\WINDOWS\SYSTEM32\ntdll.dll
0x00007ffc94d60000 - 0x00007ffc94e27000 	C:\WINDOWS\System32\KERNEL32.DLL
0x00007ffc93710000 - 0x00007ffc93ad7000 	C:\WINDOWS\System32\KERNELBASE.dll
0x00007ffc93ae0000 - 0x00007ffc93c2c000 	C:\WINDOWS\System32\ucrtbase.dll
0x00007ffc7ee40000 - 0x00007ffc7ee57000 	C:\Users\Safarboy\.jdks\corretto-17.0.9\bin\jli.dll
0x00007ffc7d200000 - 0x00007ffc7d21b000 	C:\Users\Safarboy\.jdks\corretto-17.0.9\bin\VCRUNTIME140.dll
0x00007ffc95a20000 - 0x00007ffc95be9000 	C:\WINDOWS\System32\USER32.dll
0x00007ffc93220000 - 0x00007ffc93247000 	C:\WINDOWS\System32\win32u.dll
0x00007ffc93cc0000 - 0x00007ffc93cea000 	C:\WINDOWS\System32\GDI32.dll
0x00007ffc6c120000 - 0x00007ffc6c3b0000 	C:\WINDOWS\WinSxS\amd64_microsoft.windows.common-controls_6595b64144ccf1df_6.0.26100.3037_none_3e09262ce333c378\COMCTL32.dll
0x00007ffc932f0000 - 0x00007ffc9341b000 	C:\WINDOWS\System32\gdi32full.dll
0x00007ffc94440000 - 0x00007ffc944e9000 	C:\WINDOWS\System32\msvcrt.dll
0x00007ffc93660000 - 0x00007ffc93703000 	C:\WINDOWS\System32\msvcp_win.dll
0x00007ffc93f20000 - 0x00007ffc93f4f000 	C:\WINDOWS\System32\IMM32.DLL
0x00007ffc7e4f0000 - 0x00007ffc7e4fc000 	C:\Users\Safarboy\.jdks\corretto-17.0.9\bin\vcruntime140_1.dll
0x00007ffc69570000 - 0x00007ffc695fd000 	C:\Users\Safarboy\.jdks\corretto-17.0.9\bin\msvcp140.dll
0x00007ffc24370000 - 0x00007ffc24fd1000 	C:\Users\Safarboy\.jdks\corretto-17.0.9\bin\server\jvm.dll
0x00007ffc95300000 - 0x00007ffc953b4000 	C:\WINDOWS\System32\ADVAPI32.dll
0x00007ffc95960000 - 0x00007ffc95a06000 	C:\WINDOWS\System32\sechost.dll
0x00007ffc93d00000 - 0x00007ffc93e16000 	C:\WINDOWS\System32\RPCRT4.dll
0x00007ffc91ee0000 - 0x00007ffc91f2e000 	C:\WINDOWS\SYSTEM32\POWRPROF.dll
0x00007ffc7f260000 - 0x00007ffc7f26a000 	C:\WINDOWS\SYSTEM32\WSOCK32.dll
0x00007ffc951c0000 - 0x00007ffc95234000 	C:\WINDOWS\System32\WS2_32.dll
0x00007ffc7bac0000 - 0x00007ffc7baf6000 	C:\WINDOWS\SYSTEM32\WINMM.dll
0x00007ffc8d640000 - 0x00007ffc8d64b000 	C:\WINDOWS\SYSTEM32\VERSION.dll
0x00007ffc91ec0000 - 0x00007ffc91ed4000 	C:\WINDOWS\SYSTEM32\UMPDC.dll
0x00007ffc920c0000 - 0x00007ffc920da000 	C:\WINDOWS\SYSTEM32\kernel.appcore.dll
0x00007ffc7ccd0000 - 0x00007ffc7ccda000 	C:\Users\Safarboy\.jdks\corretto-17.0.9\bin\jimage.dll
0x00007ffc908a0000 - 0x00007ffc90ae1000 	C:\WINDOWS\SYSTEM32\DBGHELP.DLL
0x00007ffc94e30000 - 0x00007ffc951ae000 	C:\WINDOWS\System32\combase.dll
0x00007ffc95c70000 - 0x00007ffc95d46000 	C:\WINDOWS\System32\OLEAUT32.dll
0x00007ffc25d60000 - 0x00007ffc25d99000 	C:\WINDOWS\SYSTEM32\dbgcore.DLL
0x00007ffc93250000 - 0x00007ffc932e9000 	C:\WINDOWS\System32\bcryptPrimitives.dll
0x00007ffc85b80000 - 0x00007ffc85b8e000 	C:\Users\Safarboy\.jdks\corretto-17.0.9\bin\instrument.dll
0x00007ffc79560000 - 0x00007ffc79585000 	C:\Users\Safarboy\.jdks\corretto-17.0.9\bin\java.dll

dbghelp: loaded successfully - version: 4.0.5 - missing functions: none
symbol engine: initialized successfully - sym options: 0x614 - pdb path: .;C:\Users\Safarboy\.jdks\corretto-17.0.9\bin;C:\WINDOWS\SYSTEM32;C:\WINDOWS\WinSxS\amd64_microsoft.windows.common-controls_6595b64144ccf1df_6.0.26100.3037_none_3e09262ce333c378;C:\Users\Safarboy\.jdks\corretto-17.0.9\bin\server

VM Arguments:
jvm_args: -Dmaven.multiModuleProjectDirectory=C:\Users\Safarboy\Desktop\lilcoin-api -Djansi.passthrough=true -Dmaven.home=C:\Users\Safarboy\.m2\wrapper\dists\apache-maven-3.8.6-bin\1ks0nkde5v1pk9vtc31i9d0lcd\apache-maven-3.8.6 -Dclassworlds.conf=C:\Users\Safarboy\.m2\wrapper\dists\apache-maven-3.8.6-bin\1ks0nkde5v1pk9vtc31i9d0lcd\apache-maven-3.8.6\bin\m2.conf -Dmaven.ext.class.path=C:\Program Files\JetBrains\IntelliJ IDEA 2023.2.3\plugins\maven\lib\maven-event-listener.jar -javaagent:C:\Program Files\JetBrains\IntelliJ IDEA 2023.2.3\lib\idea_rt.jar=53447:C:\Program Files\JetBrains\IntelliJ IDEA 2023.2.3\bin -Dfile.encoding=UTF-8 
java_command: org.codehaus.classworlds.Launcher -Didea.version=2023.2.3 install
java_class_path (initial): C:\Users\Safarboy\.m2\wrapper\dists\apache-maven-3.8.6-bin\1ks0nkde5v1pk9vtc31i9d0lcd\apache-maven-3.8.6\boot\plexus-classworlds-2.6.0.jar;C:\Users\Safarboy\.m2\wrapper\dists\apache-maven-3.8.6-bin\1ks0nkde5v1pk9vtc31i9d0lcd\apache-maven-3.8.6\boot\plexus-classworlds.license
Launcher Type: SUN_STANDARD

[Global flags]
     intx CICompilerCount                          = 12                                        {product} {ergonomic}
     uint ConcGCThreads                            = 4                                         {product} {ergonomic}
     uint G1ConcRefinementThreads                  = 15                                        {product} {ergonomic}
   size_t G1HeapRegionSize                         = 2097152                                   {product} {ergonomic}
    uintx GCDrainStackTargetSize                   = 64                                        {product} {ergonomic}
   size_t InitialHeapSize                          = 264241152                                 {product} {ergonomic}
   size_t MarkStackSize                            = 4194304                                   {product} {ergonomic}
   size_t MaxHeapSize                              = 4217372672                                {product} {ergonomic}
   size_t MinHeapDeltaBytes                        = 2097152                                   {product} {ergonomic}
   size_t MinHeapSize                              = 8388608                                   {product} {ergonomic}
    uintx NonNMethodCodeHeapSize                   = 7602480                                {pd product} {ergonomic}
    uintx NonProfiledCodeHeapSize                  = 122027880                              {pd product} {ergonomic}
    uintx ProfiledCodeHeapSize                     = 122027880                              {pd product} {ergonomic}
    uintx ReservedCodeCacheSize                    = 251658240                              {pd product} {ergonomic}
     bool SegmentedCodeCache                       = true                                      {product} {ergonomic}
   size_t SoftMaxHeapSize                          = 4217372672                             {manageable} {ergonomic}
     bool UseCompressedClassPointers               = true                           {product lp64_product} {ergonomic}
     bool UseCompressedOops                        = true                           {product lp64_product} {ergonomic}
     bool UseG1GC                                  = true                                      {product} {ergonomic}
     bool UseLargePagesIndividualAllocation        = false                                  {pd product} {ergonomic}

Logging:
Log output configuration:
 #0: stdout all=warning uptime,level,tags
 #1: stderr all=off uptime,level,tags

Environment Variables:
JAVA_HOME=C:\Program Files\Java\jdk-17
PATH=C:\WINDOWS\system32;C:\WINDOWS;C:\WINDOWS\System32\Wbem;C:\WINDOWS\System32\WindowsPowerShell\v1.0\;C:\WINDOWS\System32\OpenSSH\;C:\Program Files\Git\cmd;C:\ProgramData\chocolatey\bin;C:\Users\Safarboy\AppData\Roaming\nvm;C:\Program Files\nodejs;C:\Program Files\dotnet\;C:\Program Files (x86)\NVIDIA Corporation\PhysX\Common;C:\Program Files\CMake\bin;C:\Program Files\NVIDIA Corporation\NVIDIA NvDLISR;C:\Program Files\nodejs\;C:\Program Files\Go\bin;C:\Program Files\Java\jdk-17\bin;C:\Users\Safarboy\AppData\Local\Programs\Python\Python313\Scripts\;C:\Users\Safarboy\AppData\Local\Programs\Python\Python313\;C:\Users\Safarboy\AppData\Local\pnpm;C:\Users\Safarboy\AppData\Local\Programs\Python\Python312\Scripts\;C:\Users\Safarboy\AppData\Local\Programs\Python\Python312\;C:\Users\Safarboy\AppData\Local\Programs\Python\Python311\Scripts\;C:\Users\Safarboy\AppData\Local\Programs\Python\Python311\;C:\Users\Safarboy\AppData\Local\Microsoft\WindowsApps;C:\Users\Safarboy\AppData\Local\Programs\Microsoft VS Code\bin;C:\Program Files\JetBrains\IntelliJ IDEA 2023.2.3\bin;;C:\Users\Safarboy\AppData\Roaming\nvm;C:\Program Files\nodejs;C:\Users\YourUser\AppData\Local\Android\Sdk\plataforms;C:\Users\YourUser\AppData\Local\Android\Sdk\plataform-tools;C:\Program Files\JetBrains\WebStorm 2023.3.2\bin;;C:\Users\Safarboy\AppData\Local\GitHubDesktop\bin;C:\Users\Safarboy\AppData\Local\Microsoft\WinGet\Packages\Gyan.FFmpeg_Microsoft.Winget.Source_8wekyb3d8bbwe\ffmpeg-7.0.1-full_build\bin;C:\Users\Safarboy\AppData\Local\Microsoft\WinGet\Packages\yt-dlp.yt-dlp_Microsoft.Winget.Source_8wekyb3d8bbwe;C:\GTK\bin;C:\Users\Safarboy\AppData\Roaming\npm;C:\Users\Safarboy\go\bin;
USERNAME=Safarboy
OS=Windows_NT
PROCESSOR_IDENTIFIER=Intel64 Family 6 Model 154 Stepping 3, GenuineIntel
TMP=C:\Users\Safarboy\AppData\Local\Temp
TEMP=C:\Users\Safarboy\AppData\Local\Temp



Periodic native trim disabled


---------------  S Y S T E M  ---------------

OS:
 Windows 11 , 64 bit Build 26100 (10.0.26100.3037)
OS uptime: 0 days 5:04 hours

CPU: total 20 (initial active 20) (10 cores per cpu, 2 threads per core) family 6 model 154 stepping 3 microcode 0x416, cx8, cmov, fxsr, ht, mmx, 3dnowpref, sse, sse2, sse3, ssse3, sse4.1, sse4.2, popcnt, lzcnt, tsc, tscinvbit, avx, avx2, aes, erms, clmul, bmi1, bmi2, adx, sha, fma, vzeroupper, clflush, clflushopt, clwb
Processor Information for processor 0
  Max Mhz: 2700, Current Mhz: 2700, Mhz Limit: 2700
Processor Information for processor 1
  Max Mhz: 2700, Current Mhz: 2700, Mhz Limit: 2700
Processor Information for processor 2
  Max Mhz: 2700, Current Mhz: 2700, Mhz Limit: 2700
Processor Information for processor 3
  Max Mhz: 2700, Current Mhz: 2700, Mhz Limit: 2700
Processor Information for processor 4
  Max Mhz: 2700, Current Mhz: 2700, Mhz Limit: 2700
Processor Information for processor 5
  Max Mhz: 2700, Current Mhz: 2700, Mhz Limit: 2700
Processor Information for processor 6
  Max Mhz: 2700, Current Mhz: 2700, Mhz Limit: 2700
Processor Information for processor 7
  Max Mhz: 2700, Current Mhz: 2700, Mhz Limit: 2700
Processor Information for processor 8
  Max Mhz: 2700, Current Mhz: 2700, Mhz Limit: 2700
Processor Information for processor 9
  Max Mhz: 2700, Current Mhz: 2700, Mhz Limit: 2700
Processor Information for processor 10
  Max Mhz: 2700, Current Mhz: 2700, Mhz Limit: 2700
Processor Information for processor 11
  Max Mhz: 2700, Current Mhz: 2700, Mhz Limit: 2700
Processor Information for processor 12
  Max Mhz: 2700, Current Mhz: 1995, Mhz Limit: 1971
Processor Information for processor 13
  Max Mhz: 2700, Current Mhz: 1995, Mhz Limit: 1971
Processor Information for processor 14
  Max Mhz: 2700, Current Mhz: 1995, Mhz Limit: 1971
Processor Information for processor 15
  Max Mhz: 2700, Current Mhz: 1995, Mhz Limit: 1971
Processor Information for processor 16
  Max Mhz: 2700, Current Mhz: 1995, Mhz Limit: 1971
Processor Information for processor 17
  Max Mhz: 2700, Current Mhz: 1995, Mhz Limit: 1971
Processor Information for processor 18
  Max Mhz: 2700, Current Mhz: 1995, Mhz Limit: 1971
Processor Information for processor 19
  Max Mhz: 2700, Current Mhz: 1995, Mhz Limit: 1971

Memory: 4k page, system-wide physical 16084M (3730M free)
TotalPageFile size 16084M (AvailPageFile size 170M)
current process WorkingSet (physical memory assigned to process): 13M, peak: 13M
current process commit charge ("private bytes"): 75M, peak: 327M

vm_info: OpenJDK 64-Bit Server VM (17.0.9+8-LTS) for windows-amd64 JRE (17.0.9+8-LTS), built on Oct 12 2023 16:15:33 by "Administrator" with MS VC++ 16.10 / 16.11 (VS2019)

END.
