#
# There is insufficient memory for the Java Runtime Environment to continue.
# Native memory allocation (malloc) failed to allocate 1051536 bytes for Chunk::new
# Possible reasons:
#   The system is out of physical RAM or swap space
#   The process is running with CompressedOops enabled, and the Java Heap may be blocking the growth of the native heap
# Possible solutions:
#   Reduce memory load on the system
#   Increase physical memory or swap space
#   Check if swap backing store is full
#   Decrease Java heap size (-Xmx/-Xms)
#   Decrease number of Java threads
#   Decrease Java thread stack sizes (-Xss)
#   Set larger code cache with -XX:ReservedCodeCacheSize=
#   JVM is running with Zero Based Compressed Oops mode in which the Java heap is
#     placed in the first 32GB address space. The Java Heap base address is the
#     maximum limit for the native heap growth. Please use -XX:HeapBaseMinAddress
#     to set the Java Heap base and to place the Java Heap above 32GB virtual address.
# This output file may be truncated or incomplete.
#
#  Out of Memory Error (arena.cpp:191), pid=13720, tid=15424
#
# JRE version: OpenJDK Runtime Environment Corretto-17.0.9.8.1 (17.0.9+8) (build 17.0.9+8-LTS)
# Java VM: OpenJDK 64-Bit Server VM Corretto-17.0.9.8.1 (17.0.9+8-LTS, mixed mode, sharing, tiered, compressed oops, compressed class ptrs, g1 gc, windows-amd64)
# No core dump will be written. Minidumps are not enabled by default on client versions of Windows
#

---------------  S U M M A R Y ------------

Command Line: -Dmaven.multiModuleProjectDirectory=C:\Users\Safarboy\Desktop\lilcoin-api -Djansi.passthrough=true -Dmaven.home=C:\Users\Safarboy\.m2\wrapper\dists\apache-maven-3.8.6-bin\1ks0nkde5v1pk9vtc31i9d0lcd\apache-maven-3.8.6 -Dclassworlds.conf=C:\Users\Safarboy\.m2\wrapper\dists\apache-maven-3.8.6-bin\1ks0nkde5v1pk9vtc31i9d0lcd\apache-maven-3.8.6\bin\m2.conf -Dmaven.ext.class.path=C:\Program Files\JetBrains\IntelliJ IDEA 2023.2.3\plugins\maven\lib\maven-event-listener.jar -javaagent:C:\Program Files\JetBrains\IntelliJ IDEA 2023.2.3\lib\idea_rt.jar=53960:C:\Program Files\JetBrains\IntelliJ IDEA 2023.2.3\bin -Dfile.encoding=UTF-8 org.codehaus.classworlds.Launcher -Didea.version=2023.2.3 install

Host: 12th Gen Intel(R) Core(TM) i7-12700H, 20 cores, 15G,  Windows 11 , 64 bit Build 26100 (10.0.26100.3037)
Time: Tue Feb 11 21:57:13 2025 West Asia Standard Time elapsed time: 9.506760 seconds (0d 0h 0m 9s)

---------------  T H R E A D  ---------------

Current thread (0x00000262cbb24b00):  JavaThread "C2 CompilerThread4" daemon [_thread_in_native, id=15424, stack(0x000000881a500000,0x000000881a600000)]


Current CompileTask:
C2:   9506 6831       4       jdk.internal.org.objectweb.asm.Frame::execute (2305 bytes)

Stack: [0x000000881a500000,0x000000881a600000]
Native frames: (J=compiled Java code, j=interpreted, Vv=VM code, C=native code)
V  [jvm.dll+0x67cb49]
V  [jvm.dll+0x8344da]
V  [jvm.dll+0x835f9e]
V  [jvm.dll+0x836603]
V  [jvm.dll+0x247b5f]
V  [jvm.dll+0xac43c]
V  [jvm.dll+0xaca8c]
V  [jvm.dll+0x366c32]
V  [jvm.dll+0x1bd426]
V  [jvm.dll+0x21a359]
V  [jvm.dll+0x219621]
V  [jvm.dll+0x1a56cd]
V  [jvm.dll+0x2293ee]
V  [jvm.dll+0x2275bc]
V  [jvm.dll+0x7e95a7]
V  [jvm.dll+0x7e396a]
V  [jvm.dll+0x67ba35]
C  [ucrtbase.dll+0x37b0]
C  [KERNEL32.DLL+0x2e8d7]
C  [ntdll.dll+0xbbf2c]


---------------  P R O C E S S  ---------------

Threads class SMR info:
_java_thread_list=0x00000262d52a4d80, length=18, elements={
0x00000262e5719d40, 0x00000262ff3ed020, 0x00000262ff3edbe0, 0x00000262ff3fd5d0,
0x00000262ff401fb0, 0x00000262ff402970, 0x00000262ff423950, 0x00000262ff424c50,
0x00000262ff427130, 0x00000262ff431d70, 0x00000262cb16beb0, 0x00000262cb1d6070,
0x00000262cb29a230, 0x00000262cb29a710, 0x00000262d0085470, 0x00000262d0085990,
0x00000262cbb24b00, 0x00000262cbba7c40
}

Java Threads: ( => current thread )
  0x00000262e5719d40 JavaThread "main" [_thread_in_vm, id=2012, stack(0x0000008818b00000,0x0000008818c00000)]
  0x00000262ff3ed020 JavaThread "Reference Handler" daemon [_thread_blocked, id=11260, stack(0x0000008819200000,0x0000008819300000)]
  0x00000262ff3edbe0 JavaThread "Finalizer" daemon [_thread_blocked, id=4428, stack(0x0000008819300000,0x0000008819400000)]
  0x00000262ff3fd5d0 JavaThread "Signal Dispatcher" daemon [_thread_blocked, id=3368, stack(0x0000008819400000,0x0000008819500000)]
  0x00000262ff401fb0 JavaThread "Attach Listener" daemon [_thread_blocked, id=12096, stack(0x0000008819500000,0x0000008819600000)]
  0x00000262ff402970 JavaThread "Service Thread" daemon [_thread_blocked, id=19516, stack(0x0000008819600000,0x0000008819700000)]
  0x00000262ff423950 JavaThread "Monitor Deflation Thread" daemon [_thread_blocked, id=5200, stack(0x0000008819700000,0x0000008819800000)]
  0x00000262ff424c50 JavaThread "C2 CompilerThread0" daemon [_thread_in_native, id=2640, stack(0x0000008819800000,0x0000008819900000)]
  0x00000262ff427130 JavaThread "C1 CompilerThread0" daemon [_thread_in_vm, id=10480, stack(0x0000008819900000,0x0000008819a00000)]
  0x00000262ff431d70 JavaThread "Sweeper thread" daemon [_thread_blocked, id=13352, stack(0x0000008819a00000,0x0000008819b00000)]
  0x00000262cb16beb0 JavaThread "Common-Cleaner" daemon [_thread_blocked, id=6524, stack(0x0000008819b00000,0x0000008819c00000)]
  0x00000262cb1d6070 JavaThread "C2 CompilerThread1" daemon [_thread_blocked, id=2488, stack(0x0000008819f00000,0x000000881a000000)]
  0x00000262cb29a230 JavaThread "Monitor Ctrl-Break" daemon [_thread_in_native, id=14212, stack(0x000000881a000000,0x000000881a100000)]
  0x00000262cb29a710 JavaThread "Notification Thread" daemon [_thread_blocked, id=10088, stack(0x000000881a100000,0x000000881a200000)]
  0x00000262d0085470 JavaThread "C2 CompilerThread2" daemon [_thread_blocked, id=14608, stack(0x000000881a300000,0x000000881a400000)]
  0x00000262d0085990 JavaThread "C2 CompilerThread3" daemon [_thread_blocked, id=20212, stack(0x000000881a400000,0x000000881a500000)]
=>0x00000262cbb24b00 JavaThread "C2 CompilerThread4" daemon [_thread_in_native, id=15424, stack(0x000000881a500000,0x000000881a600000)]
  0x00000262cbba7c40 JavaThread "C1 CompilerThread1" daemon [_thread_in_vm, id=17724, stack(0x0000008819c00000,0x0000008819d00000)]

Other Threads:
  0x00000262ff3e0560 VMThread "VM Thread" [stack: 0x0000008819100000,0x0000008819200000] [id=18688]
  0x00000262cb267810 WatcherThread [stack: 0x000000881a200000,0x000000881a300000] [id=19652]
  0x00000262e57893d0 GCTaskThread "GC Thread#0" [stack: 0x0000008818c00000,0x0000008818d00000] [id=17168]
  0x00000262cbb86330 GCTaskThread "GC Thread#1" [stack: 0x000000881a900000,0x000000881aa00000] [id=15096]
  0x00000262d0104230 GCTaskThread "GC Thread#2" [stack: 0x000000881aa00000,0x000000881ab00000] [id=13704]
  0x00000262d07d49b0 GCTaskThread "GC Thread#3" [stack: 0x000000881ab00000,0x000000881ac00000] [id=16368]
  0x00000262d026dcc0 GCTaskThread "GC Thread#4" [stack: 0x000000881ac00000,0x000000881ad00000] [id=16364]
  0x00000262d0303ce0 GCTaskThread "GC Thread#5" [stack: 0x000000881ad00000,0x000000881ae00000] [id=7776]
  0x00000262d0b25c80 GCTaskThread "GC Thread#6" [stack: 0x000000881ae00000,0x000000881af00000] [id=17788]
  0x00000262d1052020 GCTaskThread "GC Thread#7" [stack: 0x0000008819e00000,0x0000008819f00000] [id=1936]
  0x00000262d0e82100 GCTaskThread "GC Thread#8" [stack: 0x000000881af00000,0x000000881b000000] [id=4040]
  0x00000262d058ac60 GCTaskThread "GC Thread#9" [stack: 0x000000881b000000,0x000000881b100000] [id=13872]
  0x00000262d05e5f20 GCTaskThread "GC Thread#10" [stack: 0x000000881b100000,0x000000881b200000] [id=6152]
  0x00000262d05e61e0 GCTaskThread "GC Thread#11" [stack: 0x000000881b200000,0x000000881b300000] [id=20308]
  0x00000262d13c14e0 GCTaskThread "GC Thread#12" [stack: 0x000000881b400000,0x000000881b500000] [id=6768]
  0x00000262d13c1220 GCTaskThread "GC Thread#13" [stack: 0x000000881b500000,0x000000881b600000] [id=15272]
  0x00000262d13c2560 GCTaskThread "GC Thread#14" [stack: 0x000000881b600000,0x000000881b700000] [id=19144]
  0x00000262e579ab40 ConcurrentGCThread "G1 Main Marker" [stack: 0x0000008818d00000,0x0000008818e00000] [id=19752]
  0x00000262e579b560 ConcurrentGCThread "G1 Conc#0" [stack: 0x0000008818e00000,0x0000008818f00000] [id=15616]
  0x00000262d13c1d20 ConcurrentGCThread "G1 Conc#1" [stack: 0x000000881a700000,0x000000881a800000] [id=18628]
  0x00000262d13c1fe0 ConcurrentGCThread "G1 Conc#2" [stack: 0x000000881a800000,0x000000881a900000] [id=19836]
  0x00000262d13c22a0 ConcurrentGCThread "G1 Conc#3" [stack: 0x000000881b700000,0x000000881b800000] [id=12540]
  0x00000262ff317be0 ConcurrentGCThread "G1 Refine#0" [stack: 0x0000008818f00000,0x0000008819000000] [id=14796]
  0x00000262ff318610 ConcurrentGCThread "G1 Service" [stack: 0x0000008819000000,0x0000008819100000] [id=12668]

Threads with active compile tasks:
C2 CompilerThread0     9516 6879   !   4       jdk.internal.loader.BuiltinClassLoader$2::run (114 bytes)
C1 CompilerThread0     9516 6907       3       lombok.javac.JavacAST::traverseChildren (39 bytes)
C2 CompilerThread4     9516 6831       4       jdk.internal.org.objectweb.asm.Frame::execute (2305 bytes)
C1 CompilerThread1     9516 6906       3       lombok.javac.JavacNode::traverse (774 bytes)

VM state: not at safepoint (normal execution)

VM Mutex/Monitor currently owned by a thread: None

Heap address: 0x0000000704a00000, size: 4022 MB, Compressed Oops mode: Zero based, Oop shift amount: 3

CDS archive(s) mapped at: [0x000002628a000000-0x000002628aba0000-0x000002628aba0000), size 12189696, SharedBaseAddress: 0x000002628a000000, ArchiveRelocationMode: 1.
Compressed class space mapped at: 0x000002628b000000-0x00000262cb000000, reserved size: 1073741824
Narrow klass base: 0x000002628a000000, Narrow klass shift: 0, Narrow klass range: 0x100000000

GC Precious Log:
 CPUs: 20 total, 20 available
 Memory: 16084M
 Large Page Support: Disabled
 NUMA Support: Disabled
 Compressed Oops: Enabled (Zero based)
 Heap Region Size: 2M
 Heap Min Capacity: 8M
 Heap Initial Capacity: 252M
 Heap Max Capacity: 4022M
 Pre-touch: Disabled
 Parallel Workers: 15
 Concurrent Workers: 4
 Concurrent Refinement Workers: 15
 Periodic GC: Disabled

Heap:
 garbage-first heap   total 184320K, used 53870K [0x0000000704a00000, 0x0000000800000000)
  region size 2048K, 2 young (4096K), 1 survivors (2048K)
 Metaspace       used 26691K, committed 27008K, reserved 1114112K
  class space    used 2905K, committed 3008K, reserved 1048576K

Heap Regions: E=young(eden), S=young(survivor), O=old, HS=humongous(starts), HC=humongous(continues), CS=collection set, F=free, OA=open archive, CA=closed archive, TAMS=top-at-mark-start (previous, next)
|   0|0x0000000704a00000, 0x0000000704c00000, 0x0000000704c00000|100%| O|  |TAMS 0x0000000704c00000, 0x0000000704a00000| Untracked 
|   1|0x0000000704c00000, 0x0000000704e00000, 0x0000000704e00000|100%| O|  |TAMS 0x0000000704e00000, 0x0000000704c00000| Untracked 
|   2|0x0000000704e00000, 0x0000000705000000, 0x0000000705000000|100%| O|  |TAMS 0x0000000705000000, 0x0000000704e00000| Untracked 
|   3|0x0000000705000000, 0x0000000705200000, 0x0000000705200000|100%|HS|  |TAMS 0x0000000705200000, 0x0000000705000000| Complete 
|   4|0x0000000705200000, 0x0000000705400000, 0x0000000705400000|100%| O|  |TAMS 0x0000000705400000, 0x0000000705200000| Untracked 
|   5|0x0000000705400000, 0x0000000705600000, 0x0000000705600000|100%| O|  |TAMS 0x0000000705600000, 0x0000000705400000| Untracked 
|   6|0x0000000705600000, 0x0000000705800000, 0x0000000705800000|100%| O|  |TAMS 0x0000000705800000, 0x0000000705600000| Untracked 
|   7|0x0000000705800000, 0x0000000705a00000, 0x0000000705a00000|100%| O|  |TAMS 0x0000000705a00000, 0x0000000705800000| Untracked 
|   8|0x0000000705a00000, 0x0000000705c00000, 0x0000000705c00000|100%| O|  |TAMS 0x0000000705c00000, 0x0000000705a00000| Untracked 
|   9|0x0000000705c00000, 0x0000000705e00000, 0x0000000705e00000|100%| O|  |TAMS 0x0000000705e00000, 0x0000000705c00000| Untracked 
|  10|0x0000000705e00000, 0x0000000706000000, 0x0000000706000000|100%| O|  |TAMS 0x0000000706000000, 0x0000000705e00000| Untracked 
|  11|0x0000000706000000, 0x0000000706200000, 0x0000000706200000|100%| O|  |TAMS 0x0000000706200000, 0x0000000706000000| Untracked 
|  12|0x0000000706200000, 0x0000000706400000, 0x0000000706400000|100%| O|  |TAMS 0x0000000706400000, 0x0000000706200000| Untracked 
|  13|0x0000000706400000, 0x0000000706600000, 0x0000000706600000|100%| O|  |TAMS 0x0000000706600000, 0x0000000706400000| Untracked 
|  14|0x0000000706600000, 0x0000000706800000, 0x0000000706800000|100%| O|  |TAMS 0x0000000706800000, 0x0000000706600000| Untracked 
|  15|0x0000000706800000, 0x0000000706a00000, 0x0000000706a00000|100%|HS|  |TAMS 0x0000000706a00000, 0x0000000706800000| Complete 
|  16|0x0000000706a00000, 0x0000000706c00000, 0x0000000706c00000|100%| O|  |TAMS 0x0000000706c00000, 0x0000000706a00000| Untracked 
|  17|0x0000000706c00000, 0x0000000706e00000, 0x0000000706e00000|100%| O|  |TAMS 0x0000000706e00000, 0x0000000706c00000| Untracked 
|  18|0x0000000706e00000, 0x0000000707000000, 0x0000000707000000|100%| O|  |TAMS 0x0000000706e00000, 0x0000000706e00000| Untracked 
|  19|0x0000000707000000, 0x0000000707200000, 0x0000000707200000|100%| O|  |TAMS 0x0000000707200000, 0x0000000707000000| Untracked 
|  20|0x0000000707200000, 0x0000000707400000, 0x0000000707400000|100%| O|  |TAMS 0x0000000707400000, 0x0000000707200000| Untracked 
|  21|0x0000000707400000, 0x0000000707600000, 0x0000000707600000|100%| O|  |TAMS 0x0000000707600000, 0x0000000707400000| Untracked 
|  22|0x0000000707600000, 0x0000000707800000, 0x0000000707800000|100%| O|  |TAMS 0x0000000707800000, 0x0000000707600000| Untracked 
|  23|0x0000000707800000, 0x00000007079e6600, 0x0000000707a00000| 94%| O|  |TAMS 0x0000000707800000, 0x0000000707800000| Untracked 
|  24|0x0000000707a00000, 0x0000000707a00000, 0x0000000707c00000|  0%| F|  |TAMS 0x0000000707a00000, 0x0000000707a00000| Untracked 
|  25|0x0000000707c00000, 0x0000000707c00000, 0x0000000707e00000|  0%| F|  |TAMS 0x0000000707c00000, 0x0000000707c00000| Untracked 
|  26|0x0000000707e00000, 0x0000000707e00000, 0x0000000708000000|  0%| F|  |TAMS 0x0000000707e00000, 0x0000000707e00000| Untracked 
|  27|0x0000000708000000, 0x0000000708000000, 0x0000000708200000|  0%| F|  |TAMS 0x0000000708000000, 0x0000000708000000| Untracked 
|  28|0x0000000708200000, 0x0000000708200000, 0x0000000708400000|  0%| F|  |TAMS 0x0000000708200000, 0x0000000708200000| Untracked 
|  29|0x0000000708400000, 0x0000000708400000, 0x0000000708600000|  0%| F|  |TAMS 0x0000000708400000, 0x0000000708400000| Untracked 
|  30|0x0000000708600000, 0x0000000708600000, 0x0000000708800000|  0%| F|  |TAMS 0x0000000708600000, 0x0000000708600000| Untracked 
|  31|0x0000000708800000, 0x0000000708800000, 0x0000000708a00000|  0%| F|  |TAMS 0x0000000708800000, 0x0000000708800000| Untracked 
|  32|0x0000000708a00000, 0x0000000708a00000, 0x0000000708c00000|  0%| F|  |TAMS 0x0000000708a00000, 0x0000000708a00000| Untracked 
|  33|0x0000000708c00000, 0x0000000708c00000, 0x0000000708e00000|  0%| F|  |TAMS 0x0000000708c00000, 0x0000000708c00000| Untracked 
|  34|0x0000000708e00000, 0x0000000708e00000, 0x0000000709000000|  0%| F|  |TAMS 0x0000000708e00000, 0x0000000708e00000| Untracked 
|  35|0x0000000709000000, 0x00000007090b5590, 0x0000000709200000| 35%| S|CS|TAMS 0x0000000709000000, 0x0000000709000000| Complete 
|  36|0x0000000709200000, 0x0000000709200000, 0x0000000709400000|  0%| F|  |TAMS 0x0000000709200000, 0x0000000709200000| Untracked 
|  37|0x0000000709400000, 0x0000000709400000, 0x0000000709600000|  0%| F|  |TAMS 0x0000000709400000, 0x0000000709400000| Untracked 
|  38|0x0000000709600000, 0x0000000709600000, 0x0000000709800000|  0%| F|  |TAMS 0x0000000709600000, 0x0000000709600000| Untracked 
|  39|0x0000000709800000, 0x0000000709800000, 0x0000000709a00000|  0%| F|  |TAMS 0x0000000709800000, 0x0000000709800000| Untracked 
|  40|0x0000000709a00000, 0x0000000709a00000, 0x0000000709c00000|  0%| F|  |TAMS 0x0000000709a00000, 0x0000000709a00000| Untracked 
|  41|0x0000000709c00000, 0x0000000709c00000, 0x0000000709e00000|  0%| F|  |TAMS 0x0000000709c00000, 0x0000000709c00000| Untracked 
|  42|0x0000000709e00000, 0x0000000709e00000, 0x000000070a000000|  0%| F|  |TAMS 0x0000000709e00000, 0x0000000709e00000| Untracked 
|  43|0x000000070a000000, 0x000000070a000000, 0x000000070a200000|  0%| F|  |TAMS 0x000000070a000000, 0x000000070a000000| Untracked 
|  44|0x000000070a200000, 0x000000070a200000, 0x000000070a400000|  0%| F|  |TAMS 0x000000070a200000, 0x000000070a200000| Untracked 
|  45|0x000000070a400000, 0x000000070a400000, 0x000000070a600000|  0%| F|  |TAMS 0x000000070a400000, 0x000000070a400000| Untracked 
|  46|0x000000070a600000, 0x000000070a600000, 0x000000070a800000|  0%| F|  |TAMS 0x000000070a600000, 0x000000070a600000| Untracked 
|  47|0x000000070a800000, 0x000000070a800000, 0x000000070aa00000|  0%| F|  |TAMS 0x000000070a800000, 0x000000070a800000| Untracked 
|  48|0x000000070aa00000, 0x000000070aa00000, 0x000000070ac00000|  0%| F|  |TAMS 0x000000070aa00000, 0x000000070aa00000| Untracked 
|  49|0x000000070ac00000, 0x000000070ac00000, 0x000000070ae00000|  0%| F|  |TAMS 0x000000070ac00000, 0x000000070ac00000| Untracked 
|  50|0x000000070ae00000, 0x000000070ae00000, 0x000000070b000000|  0%| F|  |TAMS 0x000000070ae00000, 0x000000070ae00000| Untracked 
|  51|0x000000070b000000, 0x000000070b000000, 0x000000070b200000|  0%| F|  |TAMS 0x000000070b000000, 0x000000070b000000| Untracked 
|  52|0x000000070b200000, 0x000000070b200000, 0x000000070b400000|  0%| F|  |TAMS 0x000000070b200000, 0x000000070b200000| Untracked 
|  53|0x000000070b400000, 0x000000070b400000, 0x000000070b600000|  0%| F|  |TAMS 0x000000070b400000, 0x000000070b400000| Untracked 
|  54|0x000000070b600000, 0x000000070b600000, 0x000000070b800000|  0%| F|  |TAMS 0x000000070b600000, 0x000000070b600000| Untracked 
|  55|0x000000070b800000, 0x000000070b800000, 0x000000070ba00000|  0%| F|  |TAMS 0x000000070b800000, 0x000000070b800000| Untracked 
|  56|0x000000070ba00000, 0x000000070ba00000, 0x000000070bc00000|  0%| F|  |TAMS 0x000000070ba00000, 0x000000070ba00000| Untracked 
|  57|0x000000070bc00000, 0x000000070bc00000, 0x000000070be00000|  0%| F|  |TAMS 0x000000070bc00000, 0x000000070bc00000| Untracked 
|  58|0x000000070be00000, 0x000000070be00000, 0x000000070c000000|  0%| F|  |TAMS 0x000000070be00000, 0x000000070be00000| Untracked 
|  59|0x000000070c000000, 0x000000070c000000, 0x000000070c200000|  0%| F|  |TAMS 0x000000070c000000, 0x000000070c000000| Untracked 
|  60|0x000000070c200000, 0x000000070c200000, 0x000000070c400000|  0%| F|  |TAMS 0x000000070c200000, 0x000000070c200000| Untracked 
|  61|0x000000070c400000, 0x000000070c400000, 0x000000070c600000|  0%| F|  |TAMS 0x000000070c400000, 0x000000070c400000| Untracked 
|  62|0x000000070c600000, 0x000000070c600000, 0x000000070c800000|  0%| F|  |TAMS 0x000000070c600000, 0x000000070c600000| Untracked 
|  63|0x000000070c800000, 0x000000070c800000, 0x000000070ca00000|  0%| F|  |TAMS 0x000000070c800000, 0x000000070c800000| Untracked 
|  64|0x000000070ca00000, 0x000000070ca00000, 0x000000070cc00000|  0%| F|  |TAMS 0x000000070ca00000, 0x000000070ca00000| Untracked 
|  65|0x000000070cc00000, 0x000000070cc00000, 0x000000070ce00000|  0%| F|  |TAMS 0x000000070cc00000, 0x000000070cc00000| Untracked 
|  66|0x000000070ce00000, 0x000000070ce00000, 0x000000070d000000|  0%| F|  |TAMS 0x000000070ce00000, 0x000000070ce00000| Untracked 
|  67|0x000000070d000000, 0x000000070d000000, 0x000000070d200000|  0%| F|  |TAMS 0x000000070d000000, 0x000000070d000000| Untracked 
|  68|0x000000070d200000, 0x000000070d200000, 0x000000070d400000|  0%| F|  |TAMS 0x000000070d200000, 0x000000070d200000| Untracked 
|  69|0x000000070d400000, 0x000000070d400000, 0x000000070d600000|  0%| F|  |TAMS 0x000000070d400000, 0x000000070d400000| Untracked 
|  70|0x000000070d600000, 0x000000070d600000, 0x000000070d800000|  0%| F|  |TAMS 0x000000070d600000, 0x000000070d600000| Untracked 
|  71|0x000000070d800000, 0x000000070d800000, 0x000000070da00000|  0%| F|  |TAMS 0x000000070d800000, 0x000000070d800000| Untracked 
|  72|0x000000070da00000, 0x000000070da00000, 0x000000070dc00000|  0%| F|  |TAMS 0x000000070da00000, 0x000000070da00000| Untracked 
|  73|0x000000070dc00000, 0x000000070dc00000, 0x000000070de00000|  0%| F|  |TAMS 0x000000070dc00000, 0x000000070dc00000| Untracked 
|  74|0x000000070de00000, 0x000000070de00000, 0x000000070e000000|  0%| F|  |TAMS 0x000000070de00000, 0x000000070de00000| Untracked 
|  75|0x000000070e000000, 0x000000070e000000, 0x000000070e200000|  0%| F|  |TAMS 0x000000070e000000, 0x000000070e000000| Untracked 
|  76|0x000000070e200000, 0x000000070e200000, 0x000000070e400000|  0%| F|  |TAMS 0x000000070e200000, 0x000000070e200000| Untracked 
|  77|0x000000070e400000, 0x000000070e400000, 0x000000070e600000|  0%| F|  |TAMS 0x000000070e400000, 0x000000070e400000| Untracked 
|  78|0x000000070e600000, 0x000000070e600000, 0x000000070e800000|  0%| F|  |TAMS 0x000000070e600000, 0x000000070e600000| Untracked 
|  79|0x000000070e800000, 0x000000070e800000, 0x000000070ea00000|  0%| F|  |TAMS 0x000000070e800000, 0x000000070e800000| Untracked 
|  80|0x000000070ea00000, 0x000000070ea00000, 0x000000070ec00000|  0%| F|  |TAMS 0x000000070ea00000, 0x000000070ea00000| Untracked 
|  81|0x000000070ec00000, 0x000000070ec00000, 0x000000070ee00000|  0%| F|  |TAMS 0x000000070ec00000, 0x000000070ec00000| Untracked 
|  82|0x000000070ee00000, 0x000000070ee00000, 0x000000070f000000|  0%| F|  |TAMS 0x000000070ee00000, 0x000000070ee00000| Untracked 
|  83|0x000000070f000000, 0x000000070f000000, 0x000000070f200000|  0%| F|  |TAMS 0x000000070f000000, 0x000000070f000000| Untracked 
|  84|0x000000070f200000, 0x000000070f200000, 0x000000070f400000|  0%| F|  |TAMS 0x000000070f200000, 0x000000070f200000| Untracked 
|  85|0x000000070f400000, 0x000000070f400000, 0x000000070f600000|  0%| F|  |TAMS 0x000000070f400000, 0x000000070f400000| Untracked 
|  86|0x000000070f600000, 0x000000070f600800, 0x000000070f800000|  0%| E|  |TAMS 0x000000070f600000, 0x000000070f600000| Complete 
| 125|0x0000000714400000, 0x0000000714600000, 0x0000000714600000|100%| E|CS|TAMS 0x0000000714400000, 0x0000000714400000| Complete 
|2009|0x00000007ffc00000, 0x00000007ffe00000, 0x00000007ffe00000|100%| O|  |TAMS 0x00000007ffe00000, 0x00000007ffc00000| Untracked 
|2010|0x00000007ffe00000, 0x0000000800000000, 0x0000000800000000|100%| O|  |TAMS 0x0000000800000000, 0x00000007ffe00000| Untracked 

Card table byte_map: [0x00000262fd4b0000,0x00000262fdc90000] _byte_map_base: 0x00000262f9c8b000

Marking Bits (Prev, Next): (CMBitMap*) 0x00000262e57899f0, (CMBitMap*) 0x00000262e5789a30
 Prev Bits: [0x0000026280000000, 0x0000026283ed8000)
 Next Bits: [0x0000026283ee0000, 0x0000026287db8000)

Polling page: 0x00000262e36e0000

Metaspace:

Usage:
  Non-class:     23.24 MB used.
      Class:      2.84 MB used.
       Both:     26.08 MB used.

Virtual space:
  Non-class space:       64.00 MB reserved,      23.44 MB ( 37%) committed,  1 nodes.
      Class space:        1.00 GB reserved,       2.94 MB ( <1%) committed,  1 nodes.
             Both:        1.06 GB reserved,      26.38 MB (  2%) committed. 

Chunk freelists:
   Non-Class:  8.23 MB
       Class:  12.89 MB
        Both:  21.12 MB

MaxMetaspaceSize: unlimited
CompressedClassSpaceSize: 1.00 GB
Initial GC threshold: 21.00 MB
Current GC threshold: 43.69 MB
CDS: on
MetaspaceReclaimPolicy: balanced
 - commit_granule_bytes: 65536.
 - commit_granule_words: 8192.
 - virtual_space_node_default_size: 8388608.
 - enlarge_chunks_in_place: 1.
 - new_chunks_are_fully_committed: 0.
 - uncommit_free_chunks: 1.
 - use_allocation_guard: 0.
 - handle_deallocations: 1.


Internal statistics:

num_allocs_failed_limit: 3.
num_arena_births: 164.
num_arena_deaths: 0.
num_vsnodes_births: 2.
num_vsnodes_deaths: 0.
num_space_committed: 422.
num_space_uncommitted: 0.
num_chunks_returned_to_freelist: 3.
num_chunks_taken_from_freelist: 1103.
num_chunk_merges: 3.
num_chunk_splits: 781.
num_chunks_enlarged: 610.
num_inconsistent_stats: 0.

CodeHeap 'non-profiled nmethods': size=119168Kb used=3885Kb max_used=3885Kb free=115282Kb
 bounds [0x00000262f4dc0000, 0x00000262f5190000, 0x00000262fc220000]
CodeHeap 'profiled nmethods': size=119104Kb used=13528Kb max_used=13528Kb free=105575Kb
 bounds [0x00000262ed220000, 0x00000262edf60000, 0x00000262f4670000]
CodeHeap 'non-nmethods': size=7488Kb used=1774Kb max_used=2988Kb free=5713Kb
 bounds [0x00000262f4670000, 0x00000262f4960000, 0x00000262f4dc0000]
 total_blobs=6628 nmethods=6113 adapters=425
 compilation: enabled
              stopped_count=0, restarted_count=0
 full_count=0

Compilation events (20 events):
Event: 8.462 Thread 0x00000262cbba86c0 nmethod 6868 0x00000262f5182d90 code [0x00000262f5182f00, 0x00000262f5182f78]
Event: 8.462 Thread 0x00000262cbba6700 nmethod 6870 0x00000262edf31510 code [0x00000262edf317e0, 0x00000262edf32b78]
Event: 8.464 Thread 0x00000262d0bcb8e0 6871       4       jdk.internal.jimage.ImageLocation::verify (218 bytes)
Event: 8.468 Thread 0x00000262cbba6700 6872       3       jdk.internal.jimage.BasicImageReader::match (37 bytes)
Event: 8.468 Thread 0x00000262cbba6700 nmethod 6872 0x00000262edf33010 code [0x00000262edf331e0, 0x00000262edf33498]
Event: 8.469 Thread 0x00000262cbba7c40 6873       3       java.net.URI$Parser::scan (76 bytes)
Event: 8.470 Thread 0x00000262cbba7c40 nmethod 6873 0x00000262edf33610 code [0x00000262edf33840, 0x00000262edf34138]
Event: 8.470 Thread 0x00000262cbba71a0 6874       3       java.net.URI$Parser::scan (41 bytes)
Event: 8.470 Thread 0x00000262cbba71a0 nmethod 6874 0x00000262edf34510 code [0x00000262edf34760, 0x00000262edf350f8]
Event: 8.470 Thread 0x00000262d0bcc380 nmethod 6845 0x00000262f5183090 code [0x00000262f51832a0, 0x00000262f51842b8]
Event: 8.473 Thread 0x00000262cbba86c0 6875       4       java.lang.Class::getPackageName (81 bytes)
Event: 8.473 Thread 0x00000262cbba6700 6876       3       java.util.regex.Pattern::escape (1327 bytes)
Event: 8.475 Thread 0x00000262cbba7c40 6877       3       java.util.Arrays::copyOf (19 bytes)
Event: 8.475 Thread 0x00000262cbba7c40 nmethod 6877 0x00000262edc93210 code [0x00000262edc933c0, 0x00000262edc936a8]
Event: 8.477 Thread 0x00000262cbba6700 nmethod 6876 0x00000262edf35510 code [0x00000262edf36080, 0x00000262edf3d4b8]
Event: 8.484 Thread 0x00000262cbba86c0 nmethod 6875 0x00000262f5184b90 code [0x00000262f5184d40, 0x00000262f51854f8]
Event: 8.493 Thread 0x00000262cb1d6070 6878       4       java.util.Collections$UnmodifiableMap$UnmodifiableEntrySet$1::hasNext (10 bytes)
Event: 8.493 Thread 0x00000262cb1d6070 nmethod 6878 0x00000262f5185910 code [0x00000262f5185aa0, 0x00000262f5185b78]
Event: 8.498 Thread 0x00000262ff424c50 6879   !   4       jdk.internal.loader.BuiltinClassLoader$2::run (114 bytes)
Event: 8.499 Thread 0x00000262d0bcb8e0 nmethod 6871 0x00000262f5185c90 code [0x00000262f5185f20, 0x00000262f5187ff0]

GC Heap History (18 events):
Event: 0.363 GC heap before
{Heap before GC invocations=0 (full 0):
 garbage-first heap   total 258048K, used 22528K [0x0000000704a00000, 0x0000000800000000)
  region size 2048K, 11 young (22528K), 0 survivors (0K)
 Metaspace       used 5075K, committed 5184K, reserved 1114112K
  class space    used 581K, committed 640K, reserved 1048576K
}
Event: 0.366 GC heap after
{Heap after GC invocations=1 (full 0):
 garbage-first heap   total 258048K, used 3774K [0x0000000704a00000, 0x0000000800000000)
  region size 2048K, 2 young (4096K), 2 survivors (4096K)
 Metaspace       used 5075K, committed 5184K, reserved 1114112K
  class space    used 581K, committed 640K, reserved 1048576K
}
Event: 1.766 GC heap before
{Heap before GC invocations=1 (full 0):
 garbage-first heap   total 258048K, used 34494K [0x0000000704a00000, 0x0000000800000000)
  region size 2048K, 17 young (34816K), 2 survivors (4096K)
 Metaspace       used 9620K, committed 9728K, reserved 1114112K
  class space    used 1152K, committed 1216K, reserved 1048576K
}
Event: 1.769 GC heap after
{Heap after GC invocations=2 (full 0):
 garbage-first heap   total 258048K, used 5682K [0x0000000704a00000, 0x0000000800000000)
  region size 2048K, 2 young (4096K), 2 survivors (4096K)
 Metaspace       used 9620K, committed 9728K, reserved 1114112K
  class space    used 1152K, committed 1216K, reserved 1048576K
}
Event: 3.329 GC heap before
{Heap before GC invocations=2 (full 0):
 garbage-first heap   total 258048K, used 71218K [0x0000000704a00000, 0x0000000800000000)
  region size 2048K, 34 young (69632K), 2 survivors (4096K)
 Metaspace       used 13401K, committed 13568K, reserved 1114112K
  class space    used 1514K, committed 1600K, reserved 1048576K
}
Event: 3.337 GC heap after
{Heap after GC invocations=3 (full 0):
 garbage-first heap   total 258048K, used 12704K [0x0000000704a00000, 0x0000000800000000)
  region size 2048K, 5 young (10240K), 5 survivors (10240K)
 Metaspace       used 13401K, committed 13568K, reserved 1114112K
  class space    used 1514K, committed 1600K, reserved 1048576K
}
Event: 7.248 GC heap before
{Heap before GC invocations=3 (full 0):
 garbage-first heap   total 258048K, used 125344K [0x0000000704a00000, 0x0000000800000000)
  region size 2048K, 59 young (120832K), 5 survivors (10240K)
 Metaspace       used 21314K, committed 21504K, reserved 1114112K
  class space    used 2382K, committed 2496K, reserved 1048576K
}
Event: 7.254 GC heap after
{Heap after GC invocations=4 (full 0):
 garbage-first heap   total 258048K, used 26280K [0x0000000704a00000, 0x0000000800000000)
  region size 2048K, 9 young (18432K), 9 survivors (18432K)
 Metaspace       used 21314K, committed 21504K, reserved 1114112K
  class space    used 2382K, committed 2496K, reserved 1048576K
}
Event: 7.628 GC heap before
{Heap before GC invocations=5 (full 0):
 garbage-first heap   total 96256K, used 65192K [0x0000000704a00000, 0x0000000800000000)
  region size 2048K, 28 young (57344K), 9 survivors (18432K)
 Metaspace       used 23666K, committed 23936K, reserved 1114112K
  class space    used 2619K, committed 2752K, reserved 1048576K
}
Event: 7.642 GC heap after
{Heap after GC invocations=6 (full 0):
 garbage-first heap   total 100352K, used 39867K [0x0000000704a00000, 0x0000000800000000)
  region size 2048K, 4 young (8192K), 4 survivors (8192K)
 Metaspace       used 23666K, committed 23936K, reserved 1114112K
  class space    used 2619K, committed 2752K, reserved 1048576K
}
Event: 7.659 GC heap before
{Heap before GC invocations=6 (full 0):
 garbage-first heap   total 100352K, used 41915K [0x0000000704a00000, 0x0000000800000000)
  region size 2048K, 5 young (10240K), 4 survivors (8192K)
 Metaspace       used 23680K, committed 23936K, reserved 1114112K
  class space    used 2619K, committed 2752K, reserved 1048576K
}
Event: 7.663 GC heap after
{Heap after GC invocations=7 (full 0):
 garbage-first heap   total 100352K, used 41627K [0x0000000704a00000, 0x0000000800000000)
  region size 2048K, 1 young (2048K), 1 survivors (2048K)
 Metaspace       used 23680K, committed 23936K, reserved 1114112K
  class space    used 2619K, committed 2752K, reserved 1048576K
}
Event: 7.855 GC heap before
{Heap before GC invocations=7 (full 0):
 garbage-first heap   total 100352K, used 70299K [0x0000000704a00000, 0x0000000800000000)
  region size 2048K, 15 young (30720K), 1 survivors (2048K)
 Metaspace       used 24497K, committed 24832K, reserved 1114112K
  class space    used 2688K, committed 2816K, reserved 1048576K
}
Event: 7.862 GC heap after
{Heap after GC invocations=8 (full 0):
 garbage-first heap   total 100352K, used 47014K [0x0000000704a00000, 0x0000000800000000)
  region size 2048K, 2 young (4096K), 2 survivors (4096K)
 Metaspace       used 24497K, committed 24832K, reserved 1114112K
  class space    used 2688K, committed 2816K, reserved 1048576K
}
Event: 8.243 GC heap before
{Heap before GC invocations=8 (full 0):
 garbage-first heap   total 100352K, used 75686K [0x0000000704a00000, 0x0000000800000000)
  region size 2048K, 15 young (30720K), 2 survivors (4096K)
 Metaspace       used 25402K, committed 25664K, reserved 1114112K
  class space    used 2753K, committed 2880K, reserved 1048576K
}
Event: 8.255 GC heap after
{Heap after GC invocations=9 (full 0):
 garbage-first heap   total 100352K, used 53179K [0x0000000704a00000, 0x0000000800000000)
  region size 2048K, 2 young (4096K), 2 survivors (4096K)
 Metaspace       used 25402K, committed 25664K, reserved 1114112K
  class space    used 2753K, committed 2880K, reserved 1048576K
}
Event: 8.478 GC heap before
{Heap before GC invocations=9 (full 0):
 garbage-first heap   total 100352K, used 73659K [0x0000000704a00000, 0x0000000800000000)
  region size 2048K, 13 young (26624K), 2 survivors (4096K)
 Metaspace       used 26544K, committed 26816K, reserved 1114112K
  class space    used 2895K, committed 3008K, reserved 1048576K
}
Event: 8.483 GC heap after
{Heap after GC invocations=10 (full 0):
 garbage-first heap   total 184320K, used 53870K [0x0000000704a00000, 0x0000000800000000)
  region size 2048K, 1 young (2048K), 1 survivors (2048K)
 Metaspace       used 26544K, committed 26816K, reserved 1114112K
  class space    used 2895K, committed 3008K, reserved 1048576K
}

Dll operation events (11 events):
Event: 0.005 Loaded shared library C:\Users\Safarboy\.jdks\corretto-17.0.9\bin\java.dll
Event: 0.015 Loaded shared library C:\Users\Safarboy\.jdks\corretto-17.0.9\bin\jsvml.dll
Event: 0.040 Loaded shared library C:\Users\Safarboy\.jdks\corretto-17.0.9\bin\zip.dll
Event: 0.041 Loaded shared library C:\Users\Safarboy\.jdks\corretto-17.0.9\bin\instrument.dll
Event: 0.043 Loaded shared library C:\Users\Safarboy\.jdks\corretto-17.0.9\bin\net.dll
Event: 0.044 Loaded shared library C:\Users\Safarboy\.jdks\corretto-17.0.9\bin\nio.dll
Event: 0.046 Loaded shared library C:\Users\Safarboy\.jdks\corretto-17.0.9\bin\zip.dll
Event: 0.050 Loaded shared library C:\Program Files\JetBrains\IntelliJ IDEA 2023.2.3\bin\breakgen64.dll
Event: 0.088 Loaded shared library C:\Users\Safarboy\.jdks\corretto-17.0.9\bin\jimage.dll
Event: 0.123 Loaded shared library C:\Users\Safarboy\AppData\Local\Temp\jansi-2.4.0-1f8c41cc72b9a4c8-jansi.dll
Event: 0.129 Loaded shared library C:\Users\Safarboy\.jdks\corretto-17.0.9\bin\verify.dll

Deoptimization events (20 events):
Event: 8.492 Thread 0x00000262e5719d40 Uncommon trap: trap_request=0xffffffde fr.pc=0x00000262f4f1b570 relative=0x0000000000000070
Event: 8.492 Thread 0x00000262e5719d40 Uncommon trap: reason=class_check action=maybe_recompile pc=0x00000262f4f1b570 method=java.util.Collections$UnmodifiableMap$UnmodifiableEntrySet$UnmodifiableEntry.getValue()Ljava/lang/Object; @ 4 c2
Event: 8.492 Thread 0x00000262e5719d40 DEOPT PACKING pc=0x00000262f4f1b570 sp=0x0000008818bfc2f0
Event: 8.492 Thread 0x00000262e5719d40 DEOPT UNPACKING pc=0x00000262f46c69a3 sp=0x0000008818bfc278 mode 2
Event: 8.492 Thread 0x00000262e5719d40 Uncommon trap: trap_request=0xffffffde fr.pc=0x00000262f4f19678 relative=0x0000000000000078
Event: 8.492 Thread 0x00000262e5719d40 Uncommon trap: reason=class_check action=maybe_recompile pc=0x00000262f4f19678 method=java.util.Collections$UnmodifiableMap$UnmodifiableEntrySet$1.hasNext()Z @ 4 c2
Event: 8.492 Thread 0x00000262e5719d40 DEOPT PACKING pc=0x00000262f4f19678 sp=0x0000008818bfc2f0
Event: 8.492 Thread 0x00000262e5719d40 DEOPT UNPACKING pc=0x00000262f46c69a3 sp=0x0000008818bfc278 mode 2
Event: 8.492 Thread 0x00000262e5719d40 Uncommon trap: trap_request=0xffffffde fr.pc=0x00000262f4f1f1f8 relative=0x00000000000004d8
Event: 8.492 Thread 0x00000262e5719d40 Uncommon trap: reason=class_check action=maybe_recompile pc=0x00000262f4f1f1f8 method=java.util.Collections$UnmodifiableMap$UnmodifiableEntrySet$1.next()Ljava/util/Map$Entry; @ 8 c2
Event: 8.492 Thread 0x00000262e5719d40 DEOPT PACKING pc=0x00000262f4f1f1f8 sp=0x0000008818bfc2a0
Event: 8.492 Thread 0x00000262e5719d40 DEOPT UNPACKING pc=0x00000262f46c69a3 sp=0x0000008818bfc208 mode 2
Event: 8.492 Thread 0x00000262e5719d40 Uncommon trap: trap_request=0xffffffde fr.pc=0x00000262f4f1b270 relative=0x0000000000000070
Event: 8.492 Thread 0x00000262e5719d40 Uncommon trap: reason=class_check action=maybe_recompile pc=0x00000262f4f1b270 method=java.util.Collections$UnmodifiableMap$UnmodifiableEntrySet$UnmodifiableEntry.getKey()Ljava/lang/Object; @ 4 c2
Event: 8.493 Thread 0x00000262e5719d40 DEOPT PACKING pc=0x00000262f4f1b270 sp=0x0000008818bfc2f0
Event: 8.493 Thread 0x00000262e5719d40 DEOPT UNPACKING pc=0x00000262f46c69a3 sp=0x0000008818bfc278 mode 2
Event: 8.493 Thread 0x00000262e5719d40 Uncommon trap: trap_request=0xffffffde fr.pc=0x00000262f4f1b570 relative=0x0000000000000070
Event: 8.493 Thread 0x00000262e5719d40 Uncommon trap: reason=class_check action=maybe_recompile pc=0x00000262f4f1b570 method=java.util.Collections$UnmodifiableMap$UnmodifiableEntrySet$UnmodifiableEntry.getValue()Ljava/lang/Object; @ 4 c2
Event: 8.493 Thread 0x00000262e5719d40 DEOPT PACKING pc=0x00000262f4f1b570 sp=0x0000008818bfc2f0
Event: 8.493 Thread 0x00000262e5719d40 DEOPT UNPACKING pc=0x00000262f46c69a3 sp=0x0000008818bfc278 mode 2

Classes unloaded (0 events):
No events

Classes redefined (0 events):
No events

Internal exceptions (20 events):
Event: 8.074 Thread 0x00000262e5719d40 Exception <a 'sun/nio/fs/WindowsException'{0x0000000709277a58}> (0x0000000709277a58) 
thrown [s\src\hotspot\share\prims\jni.cpp, line 516]
Event: 8.074 Thread 0x00000262e5719d40 Exception <a 'sun/nio/fs/WindowsException'{0x0000000709277e18}> (0x0000000709277e18) 
thrown [s\src\hotspot\share\prims\jni.cpp, line 516]
Event: 8.074 Thread 0x00000262e5719d40 Exception <a 'sun/nio/fs/WindowsException'{0x000000070927b830}> (0x000000070927b830) 
thrown [s\src\hotspot\share\prims\jni.cpp, line 516]
Event: 8.074 Thread 0x00000262e5719d40 Exception <a 'sun/nio/fs/WindowsException'{0x000000070927bb80}> (0x000000070927bb80) 
thrown [s\src\hotspot\share\prims\jni.cpp, line 516]
Event: 8.074 Thread 0x00000262e5719d40 Exception <a 'sun/nio/fs/WindowsException'{0x000000070927d6c0}> (0x000000070927d6c0) 
thrown [s\src\hotspot\share\prims\jni.cpp, line 516]
Event: 8.074 Thread 0x00000262e5719d40 Exception <a 'sun/nio/fs/WindowsException'{0x000000070927d9c0}> (0x000000070927d9c0) 
thrown [s\src\hotspot\share\prims\jni.cpp, line 516]
Event: 8.074 Thread 0x00000262e5719d40 Exception <a 'sun/nio/fs/WindowsException'{0x000000070927f6f8}> (0x000000070927f6f8) 
thrown [s\src\hotspot\share\prims\jni.cpp, line 516]
Event: 8.074 Thread 0x00000262e5719d40 Exception <a 'sun/nio/fs/WindowsException'{0x000000070927fa48}> (0x000000070927fa48) 
thrown [s\src\hotspot\share\prims\jni.cpp, line 516]
Event: 8.074 Thread 0x00000262e5719d40 Exception <a 'sun/nio/fs/WindowsException'{0x0000000709280f38}> (0x0000000709280f38) 
thrown [s\src\hotspot\share\prims\jni.cpp, line 516]
Event: 8.074 Thread 0x00000262e5719d40 Exception <a 'sun/nio/fs/WindowsException'{0x0000000709281310}> (0x0000000709281310) 
thrown [s\src\hotspot\share\prims\jni.cpp, line 516]
Event: 8.074 Thread 0x00000262e5719d40 Exception <a 'sun/nio/fs/WindowsException'{0x0000000709288fc8}> (0x0000000709288fc8) 
thrown [s\src\hotspot\share\prims\jni.cpp, line 516]
Event: 8.074 Thread 0x00000262e5719d40 Exception <a 'sun/nio/fs/WindowsException'{0x0000000709289328}> (0x0000000709289328) 
thrown [s\src\hotspot\share\prims\jni.cpp, line 516]
Event: 8.075 Thread 0x00000262e5719d40 Exception <a 'sun/nio/fs/WindowsException'{0x000000070928aeb8}> (0x000000070928aeb8) 
thrown [s\src\hotspot\share\prims\jni.cpp, line 516]
Event: 8.075 Thread 0x00000262e5719d40 Exception <a 'sun/nio/fs/WindowsException'{0x000000070928b1d0}> (0x000000070928b1d0) 
thrown [s\src\hotspot\share\prims\jni.cpp, line 516]
Event: 8.075 Thread 0x00000262e5719d40 Exception <a 'sun/nio/fs/WindowsException'{0x000000070928cfc8}> (0x000000070928cfc8) 
thrown [s\src\hotspot\share\prims\jni.cpp, line 516]
Event: 8.075 Thread 0x00000262e5719d40 Exception <a 'sun/nio/fs/WindowsException'{0x000000070928d328}> (0x000000070928d328) 
thrown [s\src\hotspot\share\prims\jni.cpp, line 516]
Event: 8.075 Thread 0x00000262e5719d40 Exception <a 'sun/nio/fs/WindowsException'{0x000000070928e838}> (0x000000070928e838) 
thrown [s\src\hotspot\share\prims\jni.cpp, line 516]
Event: 8.075 Thread 0x00000262e5719d40 Exception <a 'sun/nio/fs/WindowsException'{0x000000070928ec20}> (0x000000070928ec20) 
thrown [s\src\hotspot\share\prims\jni.cpp, line 516]
Event: 8.145 Thread 0x00000262e5719d40 Implicit null exception at 0x00000262f4ef1db3 to 0x00000262f4ef2198
Event: 8.157 Thread 0x00000262e5719d40 Implicit null exception at 0x00000262f4edfc6b to 0x00000262f4edfe44

VM Operations (20 events):
Event: 7.764 Executing VM operation: HandshakeAllThreads
Event: 7.764 Executing VM operation: HandshakeAllThreads done
Event: 7.800 Executing VM operation: ICBufferFull
Event: 7.801 Executing VM operation: ICBufferFull done
Event: 7.855 Executing VM operation: G1CollectForAllocation
Event: 7.862 Executing VM operation: G1CollectForAllocation done
Event: 7.931 Executing VM operation: HandshakeAllThreads
Event: 7.931 Executing VM operation: HandshakeAllThreads done
Event: 7.984 Executing VM operation: HandshakeAllThreads
Event: 7.984 Executing VM operation: HandshakeAllThreads done
Event: 8.027 Executing VM operation: ICBufferFull
Event: 8.027 Executing VM operation: ICBufferFull done
Event: 8.243 Executing VM operation: G1CollectForAllocation
Event: 8.255 Executing VM operation: G1CollectForAllocation done
Event: 8.469 Executing VM operation: HandshakeAllThreads
Event: 8.469 Executing VM operation: HandshakeAllThreads done
Event: 8.477 Executing VM operation: G1CollectForAllocation
Event: 8.483 Executing VM operation: G1CollectForAllocation done
Event: 8.494 Executing VM operation: G1PauseRemark
Event: 8.497 Executing VM operation: G1PauseRemark done

Events (20 events):
Event: 8.327 loading class java/util/regex/Pattern$NotBehind
Event: 8.327 loading class java/util/regex/Pattern$NotBehind done
Event: 8.346 loading class java/util/Vector$1
Event: 8.346 loading class java/util/Vector$1 done
Event: 8.350 loading class java/io/PushbackInputStream
Event: 8.350 loading class java/io/PushbackInputStream done
Event: 8.457 loading class java/util/Collections$UnmodifiableSortedSet
Event: 8.457 loading class java/util/Collections$UnmodifiableSortedSet done
Event: 8.461 loading class java/util/IdentityHashMap$EntrySet
Event: 8.461 loading class java/util/IdentityHashMap$EntrySet done
Event: 8.462 loading class java/util/IdentityHashMap$EntryIterator
Event: 8.462 loading class java/util/IdentityHashMap$EntryIterator done
Event: 8.462 loading class java/util/IdentityHashMap$EntryIterator$Entry
Event: 8.462 loading class java/util/IdentityHashMap$EntryIterator$Entry done
Event: 8.474 Thread 0x00000262ff431d70 flushing nmethod 0x00000262edc61790
Event: 8.474 Thread 0x00000262ff431d70 flushing nmethod 0x00000262edc89a90
Event: 8.474 Thread 0x00000262ff431d70 flushing nmethod 0x00000262edc8a690
Event: 8.474 Thread 0x00000262ff431d70 flushing nmethod 0x00000262edc8c110
Event: 8.474 Thread 0x00000262ff431d70 flushing nmethod 0x00000262edc91010
Event: 8.474 Thread 0x00000262ff431d70 flushing nmethod 0x00000262edc93210


Dynamic libraries:
0x00007ff6dc970000 - 0x00007ff6dc97e000 	C:\Users\Safarboy\.jdks\corretto-17.0.9\bin\java.exe
0x00007ffc95e80000 - 0x00007ffc960e3000 	C:\WINDOWS\SYSTEM32\ntdll.dll
0x00007ffc94d60000 - 0x00007ffc94e27000 	C:\WINDOWS\System32\KERNEL32.DLL
0x00007ffc93710000 - 0x00007ffc93ad7000 	C:\WINDOWS\System32\KERNELBASE.dll
0x00007ffc93ae0000 - 0x00007ffc93c2c000 	C:\WINDOWS\System32\ucrtbase.dll
0x00007ffc7ee40000 - 0x00007ffc7ee57000 	C:\Users\Safarboy\.jdks\corretto-17.0.9\bin\jli.dll
0x00007ffc7d200000 - 0x00007ffc7d21b000 	C:\Users\Safarboy\.jdks\corretto-17.0.9\bin\VCRUNTIME140.dll
0x00007ffc95a20000 - 0x00007ffc95be9000 	C:\WINDOWS\System32\USER32.dll
0x00007ffc93220000 - 0x00007ffc93247000 	C:\WINDOWS\System32\win32u.dll
0x00007ffc93cc0000 - 0x00007ffc93cea000 	C:\WINDOWS\System32\GDI32.dll
0x00007ffc6c120000 - 0x00007ffc6c3b0000 	C:\WINDOWS\WinSxS\amd64_microsoft.windows.common-controls_6595b64144ccf1df_6.0.26100.3037_none_3e09262ce333c378\COMCTL32.dll
0x00007ffc932f0000 - 0x00007ffc9341b000 	C:\WINDOWS\System32\gdi32full.dll
0x00007ffc94440000 - 0x00007ffc944e9000 	C:\WINDOWS\System32\msvcrt.dll
0x00007ffc93660000 - 0x00007ffc93703000 	C:\WINDOWS\System32\msvcp_win.dll
0x00007ffc93f20000 - 0x00007ffc93f4f000 	C:\WINDOWS\System32\IMM32.DLL
0x00007ffc7e4f0000 - 0x00007ffc7e4fc000 	C:\Users\Safarboy\.jdks\corretto-17.0.9\bin\vcruntime140_1.dll
0x00007ffc69570000 - 0x00007ffc695fd000 	C:\Users\Safarboy\.jdks\corretto-17.0.9\bin\msvcp140.dll
0x00007ffc24370000 - 0x00007ffc24fd1000 	C:\Users\Safarboy\.jdks\corretto-17.0.9\bin\server\jvm.dll
0x00007ffc95300000 - 0x00007ffc953b4000 	C:\WINDOWS\System32\ADVAPI32.dll
0x00007ffc95960000 - 0x00007ffc95a06000 	C:\WINDOWS\System32\sechost.dll
0x00007ffc93d00000 - 0x00007ffc93e16000 	C:\WINDOWS\System32\RPCRT4.dll
0x00007ffc7f260000 - 0x00007ffc7f26a000 	C:\WINDOWS\SYSTEM32\WSOCK32.dll
0x00007ffc91ee0000 - 0x00007ffc91f2e000 	C:\WINDOWS\SYSTEM32\POWRPROF.dll
0x00007ffc951c0000 - 0x00007ffc95234000 	C:\WINDOWS\System32\WS2_32.dll
0x00007ffc8d640000 - 0x00007ffc8d64b000 	C:\WINDOWS\SYSTEM32\VERSION.dll
0x00007ffc7bac0000 - 0x00007ffc7baf6000 	C:\WINDOWS\SYSTEM32\WINMM.dll
0x00007ffc91ec0000 - 0x00007ffc91ed4000 	C:\WINDOWS\SYSTEM32\UMPDC.dll
0x00007ffc920c0000 - 0x00007ffc920da000 	C:\WINDOWS\SYSTEM32\kernel.appcore.dll
0x00007ffc7ccd0000 - 0x00007ffc7ccda000 	C:\Users\Safarboy\.jdks\corretto-17.0.9\bin\jimage.dll
0x00007ffc908a0000 - 0x00007ffc90ae1000 	C:\WINDOWS\SYSTEM32\DBGHELP.DLL
0x00007ffc94e30000 - 0x00007ffc951ae000 	C:\WINDOWS\System32\combase.dll
0x00007ffc95c70000 - 0x00007ffc95d46000 	C:\WINDOWS\System32\OLEAUT32.dll
0x00007ffc25d60000 - 0x00007ffc25d99000 	C:\WINDOWS\SYSTEM32\dbgcore.DLL
0x00007ffc93250000 - 0x00007ffc932e9000 	C:\WINDOWS\System32\bcryptPrimitives.dll
0x00007ffc8b400000 - 0x00007ffc8b40e000 	C:\Users\Safarboy\.jdks\corretto-17.0.9\bin\instrument.dll
0x00007ffc79560000 - 0x00007ffc79585000 	C:\Users\Safarboy\.jdks\corretto-17.0.9\bin\java.dll
0x00007ffc37810000 - 0x00007ffc378e7000 	C:\Users\Safarboy\.jdks\corretto-17.0.9\bin\jsvml.dll
0x00007ffc94650000 - 0x00007ffc94d54000 	C:\WINDOWS\System32\SHELL32.dll
0x00007ffc90f60000 - 0x00007ffc91797000 	C:\WINDOWS\SYSTEM32\windows.storage.dll
0x00007ffc95d50000 - 0x00007ffc95e39000 	C:\WINDOWS\System32\SHCORE.dll
0x00007ffc953f0000 - 0x00007ffc9544d000 	C:\WINDOWS\System32\shlwapi.dll
0x00007ffc93130000 - 0x00007ffc9315e000 	C:\WINDOWS\SYSTEM32\profapi.dll
0x00007ffc7ccb0000 - 0x00007ffc7ccc8000 	C:\Users\Safarboy\.jdks\corretto-17.0.9\bin\zip.dll
0x00007ffc7b150000 - 0x00007ffc7b169000 	C:\Users\Safarboy\.jdks\corretto-17.0.9\bin\net.dll
0x00007ffc894e0000 - 0x00007ffc895fe000 	C:\WINDOWS\SYSTEM32\WINHTTP.dll
0x00007ffc92670000 - 0x00007ffc926d8000 	C:\WINDOWS\system32\mswsock.dll
0x00007ffc7ae20000 - 0x00007ffc7ae36000 	C:\Users\Safarboy\.jdks\corretto-17.0.9\bin\nio.dll
0x00007ffc8b120000 - 0x00007ffc8b13a000 	C:\Program Files\JetBrains\IntelliJ IDEA 2023.2.3\bin\breakgen64.dll
0x0000000069ac0000 - 0x0000000069ae4000 	C:\Users\Safarboy\AppData\Local\Temp\jansi-2.4.0-1f8c41cc72b9a4c8-jansi.dll
0x00007ffc790d0000 - 0x00007ffc790e0000 	C:\Users\Safarboy\.jdks\corretto-17.0.9\bin\verify.dll

dbghelp: loaded successfully - version: 4.0.5 - missing functions: none
symbol engine: initialized successfully - sym options: 0x614 - pdb path: .;C:\Users\Safarboy\.jdks\corretto-17.0.9\bin;C:\WINDOWS\SYSTEM32;C:\WINDOWS\WinSxS\amd64_microsoft.windows.common-controls_6595b64144ccf1df_6.0.26100.3037_none_3e09262ce333c378;C:\Users\Safarboy\.jdks\corretto-17.0.9\bin\server;C:\Program Files\JetBrains\IntelliJ IDEA 2023.2.3\bin;C:\Users\Safarboy\AppData\Local\Temp

VM Arguments:
jvm_args: -Dmaven.multiModuleProjectDirectory=C:\Users\Safarboy\Desktop\lilcoin-api -Djansi.passthrough=true -Dmaven.home=C:\Users\Safarboy\.m2\wrapper\dists\apache-maven-3.8.6-bin\1ks0nkde5v1pk9vtc31i9d0lcd\apache-maven-3.8.6 -Dclassworlds.conf=C:\Users\Safarboy\.m2\wrapper\dists\apache-maven-3.8.6-bin\1ks0nkde5v1pk9vtc31i9d0lcd\apache-maven-3.8.6\bin\m2.conf -Dmaven.ext.class.path=C:\Program Files\JetBrains\IntelliJ IDEA 2023.2.3\plugins\maven\lib\maven-event-listener.jar -javaagent:C:\Program Files\JetBrains\IntelliJ IDEA 2023.2.3\lib\idea_rt.jar=53960:C:\Program Files\JetBrains\IntelliJ IDEA 2023.2.3\bin -Dfile.encoding=UTF-8 
java_command: org.codehaus.classworlds.Launcher -Didea.version=2023.2.3 install
java_class_path (initial): C:\Users\Safarboy\.m2\wrapper\dists\apache-maven-3.8.6-bin\1ks0nkde5v1pk9vtc31i9d0lcd\apache-maven-3.8.6\boot\plexus-classworlds-2.6.0.jar;C:\Users\Safarboy\.m2\wrapper\dists\apache-maven-3.8.6-bin\1ks0nkde5v1pk9vtc31i9d0lcd\apache-maven-3.8.6\boot\plexus-classworlds.license
Launcher Type: SUN_STANDARD

[Global flags]
     intx CICompilerCount                          = 12                                        {product} {ergonomic}
     uint ConcGCThreads                            = 4                                         {product} {ergonomic}
     uint G1ConcRefinementThreads                  = 15                                        {product} {ergonomic}
   size_t G1HeapRegionSize                         = 2097152                                   {product} {ergonomic}
    uintx GCDrainStackTargetSize                   = 64                                        {product} {ergonomic}
   size_t InitialHeapSize                          = 264241152                                 {product} {ergonomic}
   size_t MarkStackSize                            = 4194304                                   {product} {ergonomic}
   size_t MaxHeapSize                              = 4217372672                                {product} {ergonomic}
   size_t MaxNewSize                               = 2529165312                                {product} {ergonomic}
   size_t MinHeapDeltaBytes                        = 2097152                                   {product} {ergonomic}
   size_t MinHeapSize                              = 8388608                                   {product} {ergonomic}
    uintx NonNMethodCodeHeapSize                   = 7602480                                {pd product} {ergonomic}
    uintx NonProfiledCodeHeapSize                  = 122027880                              {pd product} {ergonomic}
    uintx ProfiledCodeHeapSize                     = 122027880                              {pd product} {ergonomic}
    uintx ReservedCodeCacheSize                    = 251658240                              {pd product} {ergonomic}
     bool SegmentedCodeCache                       = true                                      {product} {ergonomic}
   size_t SoftMaxHeapSize                          = 4217372672                             {manageable} {ergonomic}
     bool UseCompressedClassPointers               = true                           {product lp64_product} {ergonomic}
     bool UseCompressedOops                        = true                           {product lp64_product} {ergonomic}
     bool UseG1GC                                  = true                                      {product} {ergonomic}
     bool UseLargePagesIndividualAllocation        = false                                  {pd product} {ergonomic}

Logging:
Log output configuration:
 #0: stdout all=warning uptime,level,tags
 #1: stderr all=off uptime,level,tags

Environment Variables:
JAVA_HOME=C:\Program Files\Java\jdk-17
PATH=C:\WINDOWS\system32;C:\WINDOWS;C:\WINDOWS\System32\Wbem;C:\WINDOWS\System32\WindowsPowerShell\v1.0\;C:\WINDOWS\System32\OpenSSH\;C:\Program Files\Git\cmd;C:\ProgramData\chocolatey\bin;C:\Users\Safarboy\AppData\Roaming\nvm;C:\Program Files\nodejs;C:\Program Files\dotnet\;C:\Program Files (x86)\NVIDIA Corporation\PhysX\Common;C:\Program Files\CMake\bin;C:\Program Files\NVIDIA Corporation\NVIDIA NvDLISR;C:\Program Files\nodejs\;C:\Program Files\Go\bin;C:\Program Files\Java\jdk-17\bin;C:\Users\Safarboy\AppData\Local\Programs\Python\Python313\Scripts\;C:\Users\Safarboy\AppData\Local\Programs\Python\Python313\;C:\Users\Safarboy\AppData\Local\pnpm;C:\Users\Safarboy\AppData\Local\Programs\Python\Python312\Scripts\;C:\Users\Safarboy\AppData\Local\Programs\Python\Python312\;C:\Users\Safarboy\AppData\Local\Programs\Python\Python311\Scripts\;C:\Users\Safarboy\AppData\Local\Programs\Python\Python311\;C:\Users\Safarboy\AppData\Local\Microsoft\WindowsApps;C:\Users\Safarboy\AppData\Local\Programs\Microsoft VS Code\bin;C:\Program Files\JetBrains\IntelliJ IDEA 2023.2.3\bin;;C:\Users\Safarboy\AppData\Roaming\nvm;C:\Program Files\nodejs;C:\Users\YourUser\AppData\Local\Android\Sdk\plataforms;C:\Users\YourUser\AppData\Local\Android\Sdk\plataform-tools;C:\Program Files\JetBrains\WebStorm 2023.3.2\bin;;C:\Users\Safarboy\AppData\Local\GitHubDesktop\bin;C:\Users\Safarboy\AppData\Local\Microsoft\WinGet\Packages\Gyan.FFmpeg_Microsoft.Winget.Source_8wekyb3d8bbwe\ffmpeg-7.0.1-full_build\bin;C:\Users\Safarboy\AppData\Local\Microsoft\WinGet\Packages\yt-dlp.yt-dlp_Microsoft.Winget.Source_8wekyb3d8bbwe;C:\GTK\bin;C:\Users\Safarboy\AppData\Roaming\npm;C:\Users\Safarboy\go\bin;
USERNAME=Safarboy
OS=Windows_NT
PROCESSOR_IDENTIFIER=Intel64 Family 6 Model 154 Stepping 3, GenuineIntel
TMP=C:\Users\Safarboy\AppData\Local\Temp
TEMP=C:\Users\Safarboy\AppData\Local\Temp



Periodic native trim disabled


---------------  S Y S T E M  ---------------

OS:
 Windows 11 , 64 bit Build 26100 (10.0.26100.3037)
OS uptime: 0 days 5:09 hours

CPU: total 20 (initial active 20) (10 cores per cpu, 2 threads per core) family 6 model 154 stepping 3 microcode 0x416, cx8, cmov, fxsr, ht, mmx, 3dnowpref, sse, sse2, sse3, ssse3, sse4.1, sse4.2, popcnt, lzcnt, tsc, tscinvbit, avx, avx2, aes, erms, clmul, bmi1, bmi2, adx, sha, fma, vzeroupper, clflush, clflushopt, clwb
Processor Information for processor 0
  Max Mhz: 2700, Current Mhz: 2700, Mhz Limit: 2700
Processor Information for processor 1
  Max Mhz: 2700, Current Mhz: 2700, Mhz Limit: 2700
Processor Information for processor 2
  Max Mhz: 2700, Current Mhz: 2700, Mhz Limit: 2700
Processor Information for processor 3
  Max Mhz: 2700, Current Mhz: 2700, Mhz Limit: 2700
Processor Information for processor 4
  Max Mhz: 2700, Current Mhz: 2700, Mhz Limit: 2700
Processor Information for processor 5
  Max Mhz: 2700, Current Mhz: 2700, Mhz Limit: 2700
Processor Information for processor 6
  Max Mhz: 2700, Current Mhz: 2700, Mhz Limit: 2700
Processor Information for processor 7
  Max Mhz: 2700, Current Mhz: 2700, Mhz Limit: 2700
Processor Information for processor 8
  Max Mhz: 2700, Current Mhz: 2700, Mhz Limit: 2700
Processor Information for processor 9
  Max Mhz: 2700, Current Mhz: 2700, Mhz Limit: 2700
Processor Information for processor 10
  Max Mhz: 2700, Current Mhz: 2700, Mhz Limit: 2700
Processor Information for processor 11
  Max Mhz: 2700, Current Mhz: 2700, Mhz Limit: 2700
Processor Information for processor 12
  Max Mhz: 2700, Current Mhz: 1995, Mhz Limit: 1971
Processor Information for processor 13
  Max Mhz: 2700, Current Mhz: 1995, Mhz Limit: 1971
Processor Information for processor 14
  Max Mhz: 2700, Current Mhz: 1995, Mhz Limit: 1971
Processor Information for processor 15
  Max Mhz: 2700, Current Mhz: 1995, Mhz Limit: 1971
Processor Information for processor 16
  Max Mhz: 2700, Current Mhz: 1995, Mhz Limit: 1971
Processor Information for processor 17
  Max Mhz: 2700, Current Mhz: 1995, Mhz Limit: 1971
Processor Information for processor 18
  Max Mhz: 2700, Current Mhz: 1995, Mhz Limit: 1971
Processor Information for processor 19
  Max Mhz: 2700, Current Mhz: 1995, Mhz Limit: 1971

Memory: 4k page, system-wide physical 16084M (3135M free)
TotalPageFile size 16084M (AvailPageFile size 21M)
current process WorkingSet (physical memory assigned to process): 307M, peak: 320M
current process commit charge ("private bytes"): 437M, peak: 446M

vm_info: OpenJDK 64-Bit Server VM (17.0.9+8-LTS) for windows-amd64 JRE (17.0.9+8-LTS), built on Oct 12 2023 16:15:33 by "Administrator" with MS VC++ 16.10 / 16.11 (VS2019)

END.
